<?xml version="1.0" encoding="UTF-8"?>
<coverage generated="1769204645952" clover="3.2.0">
  <project timestamp="1769204645952" name="All files">
    <metrics statements="7" coveredstatements="7" conditionals="2" coveredconditionals="2" methods="2" coveredmethods="2" elements="11" coveredelements="11" complexity="0" loc="7" ncloc="7" packages="1" files="1" classes="1"/>
    <file name="functions.js" path="/Users/arjanellingson/Documents/GitHub/csc-308-app/unit_tests/functions.js">
      <metrics statements="7" coveredstatements="7" conditionals="2" coveredconditionals="2" methods="2" coveredmethods="2"/>
      <line num="9" count="7" type="stmt"/>
      <line num="17" count="6" type="stmt"/>
      <line num="18" count="43" type="cond" truecount="2" falsecount="0"/>
      <line num="19" count="4" type="stmt"/>
      <line num="22" count="2" type="stmt"/>
      <line num="25" count="1" type="stmt"/>
      <line num="26" count="1" type="stmt"/>
    </file>
  </project>
</coverage>
