{"/Users/arjanellingson/Documents/GitHub/csc-308-app/unit_tests/functions.js": {"path":"/Users/arjanellingson/Documents/GitHub/csc-308-app/unit_tests/functions.js","statementMap":{"0":{"start":{"line":9,"column":4},"end":{"line":9,"column":15}},"1":{"start":{"line":17,"column":4},"end":{"line":21,"column":5}},"2":{"start":{"line":17,"column":17},"end":{"line":17,"column":18}},"3":{"start":{"line":18,"column":8},"end":{"line":20,"column":9}},"4":{"start":{"line":19,"column":12},"end":{"line":19,"column":24}},"5":{"start":{"line":22,"column":4},"end":{"line":22,"column":17}},"6":{"start":{"line":25,"column":0},"end":{"line":25,"column":18}},"7":{"start":{"line":26,"column":0},"end":{"line":26,"column":40}}},"fnMap":{"0":{"name":"div","decl":{"start":{"line":7,"column":9},"end":{"line":7,"column":12}},"loc":{"start":{"line":7,"column":20},"end":{"line":10,"column":1}},"line":7},"1":{"name":"containsNumbers","decl":{"start":{"line":16,"column":9},"end":{"line":16,"column":24}},"loc":{"start":{"line":16,"column":31},"end":{"line":23,"column":1}},"line":16}},"branchMap":{"0":{"loc":{"start":{"line":18,"column":8},"end":{"line":20,"column":9}},"type":"if","locations":[{"start":{"line":18,"column":8},"end":{"line":20,"column":9}},{"start":{},"end":{}}],"line":18}},"s":{"0":7,"1":6,"2":6,"3":43,"4":4,"5":2,"6":1,"7":1},"f":{"0":7,"1":6},"b":{"0":[4,39]},"_coverageSchema":"1a1c01bbd47fc00a2c39e90264f33305004495a9","hash":"497becf00ce701fc5e94bb9ce8849257b7b8ab23"}
}
